2025-09-05 19:14:54.407 [main] INFO  org.testng.internal.Utils - [TestRunner] Running the tests in 'Default test' with parallel mode:none
2025-09-05 19:14:54.412 [main] INFO  org.testng.internal.Utils - [RunInfo] Adding method selector: org.testng.internal.XmlMethodSelector@4566d049 priority: 10
2025-09-05 19:14:54.441 [main] INFO  org.testng.internal.Utils - [TestClass] Creating TestClass for [ClassImpl class=com.testcases.ReqResGetUser]
2025-09-05 19:14:54.454 [main] INFO  org.testng.internal.Utils - [TestClass] Adding method ReqResGetUser.sampleTest()[pri:0, instance:null] on TestClass class com.testcases.ReqResGetUser
2025-09-05 19:14:54.468 [main] INFO  org.testng.internal.Utils - [Utils] MethodGroupsHelper.collectMethodsByGroup() took 1 ms.
2025-09-05 19:14:54.471 [main] INFO  org.testng.internal.Utils - [Utils] MethodGroupsHelper.sortMethods() took 1 ms.
2025-09-05 19:14:54.472 [main] INFO  org.testng.internal.Utils - [Utils] MethodGroupsHelper.collectMethodsByGroup() took 0 ms.
2025-09-05 19:14:54.472 [main] INFO  org.testng.internal.Utils - [Utils] MethodGroupsHelper.sortMethods() took 0 ms.
2025-09-05 19:14:54.473 [main] INFO  org.testng.internal.Utils - [Utils] MethodGroupsHelper.collectMethodsByGroup() took 0 ms.
2025-09-05 19:14:54.473 [main] INFO  org.testng.internal.Utils - [Utils] MethodGroupsHelper.sortMethods() took 0 ms.
2025-09-05 19:14:54.474 [main] INFO  org.testng.internal.Utils - [Utils] MethodGroupsHelper.collectMethodsByGroup() took 0 ms.
2025-09-05 19:14:54.474 [main] INFO  org.testng.internal.Utils - [Utils] MethodGroupsHelper.sortMethods() took 0 ms.
2025-09-05 19:14:54.478 [main] INFO  org.testng.internal.Utils - [XmlMethodSelector] Including method com.testcases.load()
2025-09-05 19:14:54.478 [main] INFO  org.testng.internal.Utils - [Utils] MethodGroupsHelper.collectMethodsByGroup() took 2 ms.
2025-09-05 19:14:54.502 [main] INFO  org.testng.internal.Utils - [Utils] MethodGroupsHelper.sortMethods() took 23 ms.
2025-09-05 19:14:54.503 [main] INFO  org.testng.internal.Utils - [Utils] MethodGroupsHelper.collectMethodsByGroup() took 0 ms.
2025-09-05 19:14:54.503 [main] INFO  org.testng.internal.Utils - [Utils] MethodGroupsHelper.sortMethods() took 0 ms.
2025-09-05 19:14:54.503 [main] INFO  org.testng.internal.Utils - [Utils] MethodGroupsHelper.collectMethodsByGroup() took 0 ms.
2025-09-05 19:14:54.503 [main] INFO  org.testng.internal.Utils - [Utils] MethodGroupsHelper.sortMethods() took 0 ms.
2025-09-05 19:14:54.504 [main] INFO  org.testng.internal.Utils - [Utils] MethodGroupsHelper.collectMethodsByGroup() took 0 ms.
2025-09-05 19:14:54.504 [main] INFO  org.testng.internal.Utils - [Utils] MethodGroupsHelper.sortMethods() took 0 ms.
2025-09-05 19:14:54.506 [main] INFO  org.testng.internal.Utils - [Utils] MethodGroupsHelper.collectMethodsByGroup() took 0 ms.
2025-09-05 19:14:54.506 [main] INFO  org.testng.internal.Utils - [Utils] MethodGroupsHelper.sortMethods() took 0 ms.
2025-09-05 19:14:54.506 [main] INFO  org.testng.internal.Utils - [Utils] MethodGroupsHelper.collectMethodsByGroup() took 0 ms.
2025-09-05 19:14:54.506 [main] INFO  org.testng.internal.Utils - [Utils] MethodGroupsHelper.sortMethods() took 0 ms.
2025-09-05 19:14:54.510 [main] INFO  org.testng.internal.Utils - [Utils] MethodGroupsHelper.collectMethodsByGroup() took 0 ms.
2025-09-05 19:14:54.510 [main] INFO  org.testng.internal.Utils - [Utils] MethodGroupsHelper.sortMethods() took 0 ms.
2025-09-05 19:14:54.510 [main] INFO  org.testng.internal.Utils - [Utils] MethodGroupsHelper.collectMethodsByGroup() took 0 ms.
2025-09-05 19:14:54.510 [main] INFO  org.testng.internal.Utils - [Utils] MethodGroupsHelper.sortMethods() took 0 ms.
2025-09-05 19:14:54.511 [main] INFO  org.testng.internal.Utils - [XmlMethodSelector] Including method com.testcases.sampleTest()
2025-09-05 19:14:54.511 [main] INFO  org.testng.internal.Utils - [Utils] MethodGroupsHelper.collectMethodsByGroup() took 0 ms.
2025-09-05 19:14:54.512 [main] INFO  org.testng.internal.Utils - [Utils] MethodGroupsHelper.sortMethods() took 1 ms.
2025-09-05 19:14:54.515 [main] INFO  org.testng.internal.Utils - [Utils] MethodGroupsHelper.collectMethodsByGroup() took 0 ms.
2025-09-05 19:14:54.516 [main] INFO  org.testng.internal.Utils - [Utils] MethodGroupsHelper.sortMethods() took 0 ms.
2025-09-05 19:14:54.516 [main] INFO  org.testng.internal.Utils - [Utils] MethodGroupsHelper.collectMethodsByGroup() took 0 ms.
2025-09-05 19:14:54.516 [main] INFO  org.testng.internal.Utils - [Utils] MethodGroupsHelper.sortMethods() took 0 ms.
2025-09-05 19:14:54.526 [main] INFO  org.testng.internal.Utils - [TestNG] Running:
  C:\Users\SARNAIK\AppData\Local\Temp\testng-eclipse-136606219\testng-customsuite.xml

2025-09-05 19:14:54.531 [main] INFO  org.testng.internal.Utils - [SuiteRunner] Created 1 TestRunners
2025-09-05 19:14:54.536 [main] INFO  org.testng.internal.Utils - [TestRunner] Running test Default test on 1  classes,  included groups:[] excluded groups:[]
2025-09-05 19:14:54.536 [main] INFO  org.testng.TestClass - ===== Test class
com.testcases.ReqResGetUser
2025-09-05 19:14:54.536 [main] INFO  org.testng.TestClass -   @BeforeClass ReqResGetUser.load()[pri:0, instance:com.testcases.ReqResGetUser@6821ea29]
2025-09-05 19:14:54.536 [main] INFO  org.testng.TestClass -     @Test ReqResGetUser.sampleTest()[pri:0, instance:com.testcases.ReqResGetUser@6821ea29]
2025-09-05 19:14:54.536 [main] INFO  org.testng.TestClass - ======
2025-09-05 19:14:54.546 [main] INFO  org.testng.internal.Utils - [Utils] DynamicGraphHelper.createDynamicGraph() took 5 ms.
2025-09-05 19:14:54.557 [main] INFO  org.testng.internal.Utils - [Invoker 702999333] Invoking @BeforeClass ReqResGetUser.load()[pri:0, instance:com.testcases.ReqResGetUser@6821ea29]
2025-09-05 19:14:54.578 [main] INFO  org.testng.internal.Utils - [Invoker 702999333] No configuration methods found
2025-09-05 19:14:54.582 [main] INFO  org.testng.internal.Utils - [Invoker 702999333] Invoking com.testcases.ReqResGetUser.sampleTest
2025-09-05 19:14:54.583 [main] INFO  com.testcases.ReqResGetUser - Sample test executed
2025-09-05 19:14:54.587 [main] INFO  org.testng.internal.Utils - [Invoker 702999333] No configuration methods found
2025-09-05 19:14:54.588 [main] INFO  org.testng.internal.Utils - [Invoker 702999333] No configuration methods found
2025-09-05 19:14:54.620 [main] INFO  org.testng.internal.Utils - [[Utils]] Attempting to create C:\PracticeWorkSpace\RestAssuredTestNG\RestAssuredTestNG\test-output\Default suite\Default test.xml
2025-09-05 19:14:54.621 [main] INFO  org.testng.internal.Utils - [[Utils]]   Directory C:\PracticeWorkSpace\RestAssuredTestNG\RestAssuredTestNG\test-output\Default suite exists: true
2025-09-05 19:14:54.622 [main] INFO  org.testng.internal.Utils - Creating C:\PracticeWorkSpace\RestAssuredTestNG\RestAssuredTestNG\test-output\Default suite\Default test.xml
2025-09-05 19:14:54.690 [main] INFO  org.testng.internal.Utils - [TestNG] Time taken by org.testng.reporters.jq.Main@5f59185e: 59 ms
2025-09-05 19:14:54.691 [main] INFO  org.testng.internal.Utils - [TestNG] Time taken by org.testng.reporters.FailedReporter@60bdf15d: 0 ms
2025-09-05 19:14:54.703 [main] INFO  org.testng.internal.Utils - [TestNG] Time taken by org.testng.reporters.XMLReporter@5f4d427e: 12 ms
2025-09-05 19:14:54.710 [main] INFO  org.testng.internal.Utils - [TestNG] Time taken by org.testng.reporters.EmailableReporter2@63cd604c: 6 ms
2025-09-05 19:14:54.713 [main] INFO  org.testng.internal.Utils - [[Utils]] Attempting to create C:\PracticeWorkSpace\RestAssuredTestNG\RestAssuredTestNG\test-output\junitreports\TEST-com.testcases.ReqResGetUser.xml
2025-09-05 19:14:54.714 [main] INFO  org.testng.internal.Utils - [[Utils]]   Directory C:\PracticeWorkSpace\RestAssuredTestNG\RestAssuredTestNG\test-output\junitreports exists: true
2025-09-05 19:14:54.717 [main] INFO  org.testng.internal.Utils - Creating C:\PracticeWorkSpace\RestAssuredTestNG\RestAssuredTestNG\test-output\junitreports\TEST-com.testcases.ReqResGetUser.xml
2025-09-05 19:14:54.718 [main] INFO  org.testng.internal.Utils - [TestNG] Time taken by org.testng.reporters.JUnitReportReporter@6c6357f9: 8 ms
2025-09-05 19:14:54.718 [main] INFO  org.testng.internal.Utils - [TestNG] Time taken by org.testng.internal.ExitCodeListener@591e58fa: 0 ms
